WARN  2022-05-02 23:30:37 [nioEventLoopGroup-2-1] io.netty.channel.DefaultChannelPipeline (DefaultChannelPipeline.java:1152) - An exceptionCaught() event was fired, and it reached at the tail of the pipeline. It usually means the last handler in the pipeline did not handle the exception.
java.lang.IllegalStateException: Not on FX application thread; currentThread = nioEventLoopGroup-2-1
	at com.sun.javafx.tk.Toolkit.checkFxUserThread(Toolkit.java:291) ~[javafx-graphics-11.0.2-win.jar:?]
	at com.sun.javafx.tk.quantum.QuantumToolkit.checkFxUserThread(QuantumToolkit.java:424) ~[javafx-graphics-11.0.2-win.jar:?]
	at javafx.stage.Stage.<init>(Stage.java:254) ~[javafx-graphics-11.0.2-win.jar:?]
	at javafx.stage.Stage.<init>(Stage.java:240) ~[javafx-graphics-11.0.2-win.jar:?]
	at ru.gb.storage.client.Client$1$1.channelRead0(Client.java:70) ~[classes/:?]
	at ru.gb.storage.client.Client$1$1.channelRead0(Client.java:62) ~[classes/:?]
	at io.netty.channel.SimpleChannelInboundHandler.channelRead(SimpleChannelInboundHandler.java:99) ~[netty-transport-4.1.70.Final.jar:4.1.70.Final]
	at io.netty.channel.AbstractChannelHandlerContext.invokeChannelRead(AbstractChannelHandlerContext.java:379) [netty-transport-4.1.70.Final.jar:4.1.70.Final]
	at io.netty.channel.AbstractChannelHandlerContext.invokeChannelRead(AbstractChannelHandlerContext.java:365) [netty-transport-4.1.70.Final.jar:4.1.70.Final]
	at io.netty.channel.AbstractChannelHandlerContext.fireChannelRead(AbstractChannelHandlerContext.java:357) [netty-transport-4.1.70.Final.jar:4.1.70.Final]
	at io.netty.handler.codec.MessageToMessageDecoder.channelRead(MessageToMessageDecoder.java:103) [netty-codec-4.1.70.Final.jar:4.1.70.Final]
	at io.netty.channel.AbstractChannelHandlerContext.invokeChannelRead(AbstractChannelHandlerContext.java:379) [netty-transport-4.1.70.Final.jar:4.1.70.Final]
	at io.netty.channel.AbstractChannelHandlerContext.invokeChannelRead(AbstractChannelHandlerContext.java:365) [netty-transport-4.1.70.Final.jar:4.1.70.Final]
	at io.netty.channel.AbstractChannelHandlerContext.fireChannelRead(AbstractChannelHandlerContext.java:357) [netty-transport-4.1.70.Final.jar:4.1.70.Final]
	at io.netty.handler.codec.MessageToMessageDecoder.channelRead(MessageToMessageDecoder.java:103) [netty-codec-4.1.70.Final.jar:4.1.70.Final]
	at io.netty.channel.AbstractChannelHandlerContext.invokeChannelRead(AbstractChannelHandlerContext.java:379) [netty-transport-4.1.70.Final.jar:4.1.70.Final]
	at io.netty.channel.AbstractChannelHandlerContext.invokeChannelRead(AbstractChannelHandlerContext.java:365) [netty-transport-4.1.70.Final.jar:4.1.70.Final]
	at io.netty.channel.AbstractChannelHandlerContext.fireChannelRead(AbstractChannelHandlerContext.java:357) [netty-transport-4.1.70.Final.jar:4.1.70.Final]
	at io.netty.handler.codec.ByteToMessageDecoder.fireChannelRead(ByteToMessageDecoder.java:324) [netty-codec-4.1.70.Final.jar:4.1.70.Final]
	at io.netty.handler.codec.ByteToMessageDecoder.channelRead(ByteToMessageDecoder.java:296) [netty-codec-4.1.70.Final.jar:4.1.70.Final]
	at io.netty.channel.AbstractChannelHandlerContext.invokeChannelRead(AbstractChannelHandlerContext.java:379) [netty-transport-4.1.70.Final.jar:4.1.70.Final]
	at io.netty.channel.AbstractChannelHandlerContext.invokeChannelRead(AbstractChannelHandlerContext.java:365) [netty-transport-4.1.70.Final.jar:4.1.70.Final]
	at io.netty.channel.AbstractChannelHandlerContext.fireChannelRead(AbstractChannelHandlerContext.java:357) [netty-transport-4.1.70.Final.jar:4.1.70.Final]
	at io.netty.channel.DefaultChannelPipeline$HeadContext.channelRead(DefaultChannelPipeline.java:1410) [netty-transport-4.1.70.Final.jar:4.1.70.Final]
	at io.netty.channel.AbstractChannelHandlerContext.invokeChannelRead(AbstractChannelHandlerContext.java:379) [netty-transport-4.1.70.Final.jar:4.1.70.Final]
	at io.netty.channel.AbstractChannelHandlerContext.invokeChannelRead(AbstractChannelHandlerContext.java:365) [netty-transport-4.1.70.Final.jar:4.1.70.Final]
	at io.netty.channel.DefaultChannelPipeline.fireChannelRead(DefaultChannelPipeline.java:919) [netty-transport-4.1.70.Final.jar:4.1.70.Final]
	at io.netty.channel.nio.AbstractNioByteChannel$NioByteUnsafe.read(AbstractNioByteChannel.java:166) [netty-transport-4.1.70.Final.jar:4.1.70.Final]
	at io.netty.channel.nio.NioEventLoop.processSelectedKey(NioEventLoop.java:719) [netty-transport-4.1.70.Final.jar:4.1.70.Final]
	at io.netty.channel.nio.NioEventLoop.processSelectedKeysOptimized(NioEventLoop.java:655) [netty-transport-4.1.70.Final.jar:4.1.70.Final]
	at io.netty.channel.nio.NioEventLoop.processSelectedKeys(NioEventLoop.java:581) [netty-transport-4.1.70.Final.jar:4.1.70.Final]
	at io.netty.channel.nio.NioEventLoop.run(NioEventLoop.java:493) [netty-transport-4.1.70.Final.jar:4.1.70.Final]
	at io.netty.util.concurrent.SingleThreadEventExecutor$4.run(SingleThreadEventExecutor.java:986) [netty-common-4.1.70.Final.jar:4.1.70.Final]
	at io.netty.util.internal.ThreadExecutorMap$2.run(ThreadExecutorMap.java:74) [netty-common-4.1.70.Final.jar:4.1.70.Final]
	at io.netty.util.concurrent.FastThreadLocalRunnable.run(FastThreadLocalRunnable.java:30) [netty-common-4.1.70.Final.jar:4.1.70.Final]
	at java.lang.Thread.run(Thread.java:833) [?:?]
WARN  2022-05-02 23:36:13 [nioEventLoopGroup-2-1] io.netty.channel.DefaultChannelPipeline (DefaultChannelPipeline.java:1152) - An exceptionCaught() event was fired, and it reached at the tail of the pipeline. It usually means the last handler in the pipeline did not handle the exception.
java.net.SocketException: Connection reset
	at sun.nio.ch.SocketChannelImpl.throwConnectionReset(SocketChannelImpl.java:394) ~[?:?]
	at sun.nio.ch.SocketChannelImpl.read(SocketChannelImpl.java:426) ~[?:?]
	at io.netty.buffer.PooledByteBuf.setBytes(PooledByteBuf.java:253) ~[netty-buffer-4.1.70.Final.jar:4.1.70.Final]
	at io.netty.buffer.AbstractByteBuf.writeBytes(AbstractByteBuf.java:1132) ~[netty-buffer-4.1.70.Final.jar:4.1.70.Final]
	at io.netty.channel.socket.nio.NioSocketChannel.doReadBytes(NioSocketChannel.java:350) ~[netty-transport-4.1.70.Final.jar:4.1.70.Final]
	at io.netty.channel.nio.AbstractNioByteChannel$NioByteUnsafe.read(AbstractNioByteChannel.java:151) [netty-transport-4.1.70.Final.jar:4.1.70.Final]
	at io.netty.channel.nio.NioEventLoop.processSelectedKey(NioEventLoop.java:719) [netty-transport-4.1.70.Final.jar:4.1.70.Final]
	at io.netty.channel.nio.NioEventLoop.processSelectedKeysOptimized(NioEventLoop.java:655) [netty-transport-4.1.70.Final.jar:4.1.70.Final]
	at io.netty.channel.nio.NioEventLoop.processSelectedKeys(NioEventLoop.java:581) [netty-transport-4.1.70.Final.jar:4.1.70.Final]
	at io.netty.channel.nio.NioEventLoop.run(NioEventLoop.java:493) [netty-transport-4.1.70.Final.jar:4.1.70.Final]
	at io.netty.util.concurrent.SingleThreadEventExecutor$4.run(SingleThreadEventExecutor.java:986) [netty-common-4.1.70.Final.jar:4.1.70.Final]
	at io.netty.util.internal.ThreadExecutorMap$2.run(ThreadExecutorMap.java:74) [netty-common-4.1.70.Final.jar:4.1.70.Final]
	at io.netty.util.concurrent.FastThreadLocalRunnable.run(FastThreadLocalRunnable.java:30) [netty-common-4.1.70.Final.jar:4.1.70.Final]
	at java.lang.Thread.run(Thread.java:833) [?:?]
WARN  2022-05-02 23:36:23 [nioEventLoopGroup-2-1] io.netty.channel.DefaultChannelPipeline (DefaultChannelPipeline.java:1152) - An exceptionCaught() event was fired, and it reached at the tail of the pipeline. It usually means the last handler in the pipeline did not handle the exception.
java.lang.IllegalStateException: Not on FX application thread; currentThread = nioEventLoopGroup-2-1
	at com.sun.javafx.tk.Toolkit.checkFxUserThread(Toolkit.java:291) ~[javafx-graphics-11.0.2-win.jar:?]
	at com.sun.javafx.tk.quantum.QuantumToolkit.checkFxUserThread(QuantumToolkit.java:424) ~[javafx-graphics-11.0.2-win.jar:?]
	at javafx.stage.Stage.<init>(Stage.java:254) ~[javafx-graphics-11.0.2-win.jar:?]
	at javafx.stage.Stage.<init>(Stage.java:240) ~[javafx-graphics-11.0.2-win.jar:?]
	at ru.gb.storage.client.Client$1$1.channelRead0(Client.java:71) ~[classes/:?]
	at ru.gb.storage.client.Client$1$1.channelRead0(Client.java:63) ~[classes/:?]
	at io.netty.channel.SimpleChannelInboundHandler.channelRead(SimpleChannelInboundHandler.java:99) ~[netty-transport-4.1.70.Final.jar:4.1.70.Final]
	at io.netty.channel.AbstractChannelHandlerContext.invokeChannelRead(AbstractChannelHandlerContext.java:379) [netty-transport-4.1.70.Final.jar:4.1.70.Final]
	at io.netty.channel.AbstractChannelHandlerContext.invokeChannelRead(AbstractChannelHandlerContext.java:365) [netty-transport-4.1.70.Final.jar:4.1.70.Final]
	at io.netty.channel.AbstractChannelHandlerContext.fireChannelRead(AbstractChannelHandlerContext.java:357) [netty-transport-4.1.70.Final.jar:4.1.70.Final]
	at io.netty.handler.codec.MessageToMessageDecoder.channelRead(MessageToMessageDecoder.java:103) [netty-codec-4.1.70.Final.jar:4.1.70.Final]
	at io.netty.channel.AbstractChannelHandlerContext.invokeChannelRead(AbstractChannelHandlerContext.java:379) [netty-transport-4.1.70.Final.jar:4.1.70.Final]
	at io.netty.channel.AbstractChannelHandlerContext.invokeChannelRead(AbstractChannelHandlerContext.java:365) [netty-transport-4.1.70.Final.jar:4.1.70.Final]
	at io.netty.channel.AbstractChannelHandlerContext.fireChannelRead(AbstractChannelHandlerContext.java:357) [netty-transport-4.1.70.Final.jar:4.1.70.Final]
	at io.netty.handler.codec.MessageToMessageDecoder.channelRead(MessageToMessageDecoder.java:103) [netty-codec-4.1.70.Final.jar:4.1.70.Final]
	at io.netty.channel.AbstractChannelHandlerContext.invokeChannelRead(AbstractChannelHandlerContext.java:379) [netty-transport-4.1.70.Final.jar:4.1.70.Final]
	at io.netty.channel.AbstractChannelHandlerContext.invokeChannelRead(AbstractChannelHandlerContext.java:365) [netty-transport-4.1.70.Final.jar:4.1.70.Final]
	at io.netty.channel.AbstractChannelHandlerContext.fireChannelRead(AbstractChannelHandlerContext.java:357) [netty-transport-4.1.70.Final.jar:4.1.70.Final]
	at io.netty.handler.codec.ByteToMessageDecoder.fireChannelRead(ByteToMessageDecoder.java:324) [netty-codec-4.1.70.Final.jar:4.1.70.Final]
	at io.netty.handler.codec.ByteToMessageDecoder.channelRead(ByteToMessageDecoder.java:296) [netty-codec-4.1.70.Final.jar:4.1.70.Final]
	at io.netty.channel.AbstractChannelHandlerContext.invokeChannelRead(AbstractChannelHandlerContext.java:379) [netty-transport-4.1.70.Final.jar:4.1.70.Final]
	at io.netty.channel.AbstractChannelHandlerContext.invokeChannelRead(AbstractChannelHandlerContext.java:365) [netty-transport-4.1.70.Final.jar:4.1.70.Final]
	at io.netty.channel.AbstractChannelHandlerContext.fireChannelRead(AbstractChannelHandlerContext.java:357) [netty-transport-4.1.70.Final.jar:4.1.70.Final]
	at io.netty.channel.DefaultChannelPipeline$HeadContext.channelRead(DefaultChannelPipeline.java:1410) [netty-transport-4.1.70.Final.jar:4.1.70.Final]
	at io.netty.channel.AbstractChannelHandlerContext.invokeChannelRead(AbstractChannelHandlerContext.java:379) [netty-transport-4.1.70.Final.jar:4.1.70.Final]
	at io.netty.channel.AbstractChannelHandlerContext.invokeChannelRead(AbstractChannelHandlerContext.java:365) [netty-transport-4.1.70.Final.jar:4.1.70.Final]
	at io.netty.channel.DefaultChannelPipeline.fireChannelRead(DefaultChannelPipeline.java:919) [netty-transport-4.1.70.Final.jar:4.1.70.Final]
	at io.netty.channel.nio.AbstractNioByteChannel$NioByteUnsafe.read(AbstractNioByteChannel.java:166) [netty-transport-4.1.70.Final.jar:4.1.70.Final]
	at io.netty.channel.nio.NioEventLoop.processSelectedKey(NioEventLoop.java:719) [netty-transport-4.1.70.Final.jar:4.1.70.Final]
	at io.netty.channel.nio.NioEventLoop.processSelectedKeysOptimized(NioEventLoop.java:655) [netty-transport-4.1.70.Final.jar:4.1.70.Final]
	at io.netty.channel.nio.NioEventLoop.processSelectedKeys(NioEventLoop.java:581) [netty-transport-4.1.70.Final.jar:4.1.70.Final]
	at io.netty.channel.nio.NioEventLoop.run(NioEventLoop.java:493) [netty-transport-4.1.70.Final.jar:4.1.70.Final]
	at io.netty.util.concurrent.SingleThreadEventExecutor$4.run(SingleThreadEventExecutor.java:986) [netty-common-4.1.70.Final.jar:4.1.70.Final]
	at io.netty.util.internal.ThreadExecutorMap$2.run(ThreadExecutorMap.java:74) [netty-common-4.1.70.Final.jar:4.1.70.Final]
	at io.netty.util.concurrent.FastThreadLocalRunnable.run(FastThreadLocalRunnable.java:30) [netty-common-4.1.70.Final.jar:4.1.70.Final]
	at java.lang.Thread.run(Thread.java:833) [?:?]
WARN  2022-05-02 23:51:00 [nioEventLoopGroup-3-1] io.netty.channel.DefaultChannelPipeline (DefaultChannelPipeline.java:1152) - An exceptionCaught() event was fired, and it reached at the tail of the pipeline. It usually means the last handler in the pipeline did not handle the exception.
java.lang.IllegalStateException: Not on FX application thread; currentThread = nioEventLoopGroup-3-1
	at com.sun.javafx.tk.Toolkit.checkFxUserThread(Toolkit.java:291) ~[javafx-graphics-11.0.2-win.jar:?]
	at com.sun.javafx.tk.quantum.QuantumToolkit.checkFxUserThread(QuantumToolkit.java:424) ~[javafx-graphics-11.0.2-win.jar:?]
	at javafx.stage.Stage.<init>(Stage.java:254) ~[javafx-graphics-11.0.2-win.jar:?]
	at javafx.stage.Stage.<init>(Stage.java:240) ~[javafx-graphics-11.0.2-win.jar:?]
	at ru.gb.storage.client.Client$1$1.channelRead0(Client.java:68) ~[classes/:?]
	at ru.gb.storage.client.Client$1$1.channelRead0(Client.java:61) ~[classes/:?]
	at io.netty.channel.SimpleChannelInboundHandler.channelRead(SimpleChannelInboundHandler.java:99) ~[netty-transport-4.1.70.Final.jar:4.1.70.Final]
	at io.netty.channel.AbstractChannelHandlerContext.invokeChannelRead(AbstractChannelHandlerContext.java:379) [netty-transport-4.1.70.Final.jar:4.1.70.Final]
	at io.netty.channel.AbstractChannelHandlerContext.invokeChannelRead(AbstractChannelHandlerContext.java:365) [netty-transport-4.1.70.Final.jar:4.1.70.Final]
	at io.netty.channel.AbstractChannelHandlerContext.fireChannelRead(AbstractChannelHandlerContext.java:357) [netty-transport-4.1.70.Final.jar:4.1.70.Final]
	at io.netty.handler.codec.MessageToMessageDecoder.channelRead(MessageToMessageDecoder.java:103) [netty-codec-4.1.70.Final.jar:4.1.70.Final]
	at io.netty.channel.AbstractChannelHandlerContext.invokeChannelRead(AbstractChannelHandlerContext.java:379) [netty-transport-4.1.70.Final.jar:4.1.70.Final]
	at io.netty.channel.AbstractChannelHandlerContext.invokeChannelRead(AbstractChannelHandlerContext.java:365) [netty-transport-4.1.70.Final.jar:4.1.70.Final]
	at io.netty.channel.AbstractChannelHandlerContext.fireChannelRead(AbstractChannelHandlerContext.java:357) [netty-transport-4.1.70.Final.jar:4.1.70.Final]
	at io.netty.handler.codec.MessageToMessageDecoder.channelRead(MessageToMessageDecoder.java:103) [netty-codec-4.1.70.Final.jar:4.1.70.Final]
	at io.netty.channel.AbstractChannelHandlerContext.invokeChannelRead(AbstractChannelHandlerContext.java:379) [netty-transport-4.1.70.Final.jar:4.1.70.Final]
	at io.netty.channel.AbstractChannelHandlerContext.invokeChannelRead(AbstractChannelHandlerContext.java:365) [netty-transport-4.1.70.Final.jar:4.1.70.Final]
	at io.netty.channel.AbstractChannelHandlerContext.fireChannelRead(AbstractChannelHandlerContext.java:357) [netty-transport-4.1.70.Final.jar:4.1.70.Final]
	at io.netty.handler.codec.ByteToMessageDecoder.fireChannelRead(ByteToMessageDecoder.java:324) [netty-codec-4.1.70.Final.jar:4.1.70.Final]
	at io.netty.handler.codec.ByteToMessageDecoder.channelRead(ByteToMessageDecoder.java:296) [netty-codec-4.1.70.Final.jar:4.1.70.Final]
	at io.netty.channel.AbstractChannelHandlerContext.invokeChannelRead(AbstractChannelHandlerContext.java:379) [netty-transport-4.1.70.Final.jar:4.1.70.Final]
	at io.netty.channel.AbstractChannelHandlerContext.invokeChannelRead(AbstractChannelHandlerContext.java:365) [netty-transport-4.1.70.Final.jar:4.1.70.Final]
	at io.netty.channel.AbstractChannelHandlerContext.fireChannelRead(AbstractChannelHandlerContext.java:357) [netty-transport-4.1.70.Final.jar:4.1.70.Final]
	at io.netty.channel.DefaultChannelPipeline$HeadContext.channelRead(DefaultChannelPipeline.java:1410) [netty-transport-4.1.70.Final.jar:4.1.70.Final]
	at io.netty.channel.AbstractChannelHandlerContext.invokeChannelRead(AbstractChannelHandlerContext.java:379) [netty-transport-4.1.70.Final.jar:4.1.70.Final]
	at io.netty.channel.AbstractChannelHandlerContext.invokeChannelRead(AbstractChannelHandlerContext.java:365) [netty-transport-4.1.70.Final.jar:4.1.70.Final]
	at io.netty.channel.DefaultChannelPipeline.fireChannelRead(DefaultChannelPipeline.java:919) [netty-transport-4.1.70.Final.jar:4.1.70.Final]
	at io.netty.channel.nio.AbstractNioByteChannel$NioByteUnsafe.read(AbstractNioByteChannel.java:166) [netty-transport-4.1.70.Final.jar:4.1.70.Final]
	at io.netty.channel.nio.NioEventLoop.processSelectedKey(NioEventLoop.java:719) [netty-transport-4.1.70.Final.jar:4.1.70.Final]
	at io.netty.channel.nio.NioEventLoop.processSelectedKeysOptimized(NioEventLoop.java:655) [netty-transport-4.1.70.Final.jar:4.1.70.Final]
	at io.netty.channel.nio.NioEventLoop.processSelectedKeys(NioEventLoop.java:581) [netty-transport-4.1.70.Final.jar:4.1.70.Final]
	at io.netty.channel.nio.NioEventLoop.run(NioEventLoop.java:493) [netty-transport-4.1.70.Final.jar:4.1.70.Final]
	at io.netty.util.concurrent.SingleThreadEventExecutor$4.run(SingleThreadEventExecutor.java:986) [netty-common-4.1.70.Final.jar:4.1.70.Final]
	at io.netty.util.internal.ThreadExecutorMap$2.run(ThreadExecutorMap.java:74) [netty-common-4.1.70.Final.jar:4.1.70.Final]
	at io.netty.util.concurrent.FastThreadLocalRunnable.run(FastThreadLocalRunnable.java:30) [netty-common-4.1.70.Final.jar:4.1.70.Final]
	at java.lang.Thread.run(Thread.java:833) [?:?]
WARN  2022-05-02 23:59:08 [JavaFX Application Thread] io.netty.channel.AbstractChannel$AbstractUnsafe (AbstractChannel.java:490) - Force-closing a channel whose registration task was not accepted by an event loop: [id: 0xa8f5ce71]
java.util.concurrent.RejectedExecutionException: event executor terminated
	at io.netty.util.concurrent.SingleThreadEventExecutor.reject(SingleThreadEventExecutor.java:923) ~[netty-common-4.1.70.Final.jar:4.1.70.Final]
	at io.netty.util.concurrent.SingleThreadEventExecutor.offerTask(SingleThreadEventExecutor.java:350) ~[netty-common-4.1.70.Final.jar:4.1.70.Final]
	at io.netty.util.concurrent.SingleThreadEventExecutor.addTask(SingleThreadEventExecutor.java:343) ~[netty-common-4.1.70.Final.jar:4.1.70.Final]
	at io.netty.util.concurrent.SingleThreadEventExecutor.execute(SingleThreadEventExecutor.java:825) ~[netty-common-4.1.70.Final.jar:4.1.70.Final]
	at io.netty.util.concurrent.SingleThreadEventExecutor.execute(SingleThreadEventExecutor.java:815) ~[netty-common-4.1.70.Final.jar:4.1.70.Final]
	at io.netty.channel.AbstractChannel$AbstractUnsafe.register(AbstractChannel.java:483) ~[netty-transport-4.1.70.Final.jar:4.1.70.Final]
	at io.netty.channel.SingleThreadEventLoop.register(SingleThreadEventLoop.java:87) ~[netty-transport-4.1.70.Final.jar:4.1.70.Final]
	at io.netty.channel.SingleThreadEventLoop.register(SingleThreadEventLoop.java:81) ~[netty-transport-4.1.70.Final.jar:4.1.70.Final]
	at io.netty.channel.MultithreadEventLoopGroup.register(MultithreadEventLoopGroup.java:86) ~[netty-transport-4.1.70.Final.jar:4.1.70.Final]
	at io.netty.bootstrap.AbstractBootstrap.initAndRegister(AbstractBootstrap.java:323) ~[netty-transport-4.1.70.Final.jar:4.1.70.Final]
	at io.netty.bootstrap.Bootstrap.doResolveAndConnect(Bootstrap.java:155) ~[netty-transport-4.1.70.Final.jar:4.1.70.Final]
	at io.netty.bootstrap.Bootstrap.connect(Bootstrap.java:139) ~[netty-transport-4.1.70.Final.jar:4.1.70.Final]
	at io.netty.bootstrap.Bootstrap.connect(Bootstrap.java:123) ~[netty-transport-4.1.70.Final.jar:4.1.70.Final]
	at ru.gb.storage.client.Client.getAuth(Client.java:93) ~[classes/:?]
	at ru.gb.storage.client.Controller.GeneralPanel.lambda$initialize$0(GeneralPanel.java:51) ~[classes/:?]
	at com.sun.javafx.event.CompositeEventHandler.dispatchBubblingEvent(CompositeEventHandler.java:86) ~[javafx-base-11.0.2-win.jar:?]
	at com.sun.javafx.event.EventHandlerManager.dispatchBubblingEvent(EventHandlerManager.java:238) ~[javafx-base-11.0.2-win.jar:?]
	at com.sun.javafx.event.EventHandlerManager.dispatchBubblingEvent(EventHandlerManager.java:191) ~[javafx-base-11.0.2-win.jar:?]
	at com.sun.javafx.event.CompositeEventDispatcher.dispatchBubblingEvent(CompositeEventDispatcher.java:59) ~[javafx-base-11.0.2-win.jar:?]
	at com.sun.javafx.event.BasicEventDispatcher.dispatchEvent(BasicEventDispatcher.java:58) ~[javafx-base-11.0.2-win.jar:?]
	at com.sun.javafx.event.EventDispatchChainImpl.dispatchEvent(EventDispatchChainImpl.java:114) ~[javafx-base-11.0.2-win.jar:?]
	at com.sun.javafx.event.BasicEventDispatcher.dispatchEvent(BasicEventDispatcher.java:56) ~[javafx-base-11.0.2-win.jar:?]
	at com.sun.javafx.event.EventDispatchChainImpl.dispatchEvent(EventDispatchChainImpl.java:114) ~[javafx-base-11.0.2-win.jar:?]
	at com.sun.javafx.event.BasicEventDispatcher.dispatchEvent(BasicEventDispatcher.java:56) ~[javafx-base-11.0.2-win.jar:?]
	at com.sun.javafx.event.EventDispatchChainImpl.dispatchEvent(EventDispatchChainImpl.java:114) ~[javafx-base-11.0.2-win.jar:?]
	at com.sun.javafx.event.EventUtil.fireEventImpl(EventUtil.java:74) ~[javafx-base-11.0.2-win.jar:?]
	at com.sun.javafx.event.EventUtil.fireEvent(EventUtil.java:54) ~[javafx-base-11.0.2-win.jar:?]
	at javafx.event.Event.fireEvent(Event.java:198) ~[javafx-base-11.0.2-win.jar:?]
	at javafx.scene.Scene$ClickGenerator.postProcess(Scene.java:3564) ~[javafx-graphics-11.0.2-win.jar:?]
	at javafx.scene.Scene$ClickGenerator.access$8200(Scene.java:3492) ~[javafx-graphics-11.0.2-win.jar:?]
	at javafx.scene.Scene$MouseHandler.process(Scene.java:3860) ~[javafx-graphics-11.0.2-win.jar:?]
	at javafx.scene.Scene$MouseHandler.access$1200(Scene.java:3579) ~[javafx-graphics-11.0.2-win.jar:?]
	at javafx.scene.Scene.processMouseEvent(Scene.java:1849) ~[javafx-graphics-11.0.2-win.jar:?]
	at javafx.scene.Scene$ScenePeerListener.mouseEvent(Scene.java:2588) ~[javafx-graphics-11.0.2-win.jar:?]
	at com.sun.javafx.tk.quantum.GlassViewEventHandler$MouseEventNotification.run(GlassViewEventHandler.java:397) ~[javafx-graphics-11.0.2-win.jar:?]
	at com.sun.javafx.tk.quantum.GlassViewEventHandler$MouseEventNotification.run(GlassViewEventHandler.java:295) ~[javafx-graphics-11.0.2-win.jar:?]
	at java.security.AccessController.doPrivileged(AccessController.java:399) ~[?:?]
	at com.sun.javafx.tk.quantum.GlassViewEventHandler.lambda$handleMouseEvent$2(GlassViewEventHandler.java:434) ~[javafx-graphics-11.0.2-win.jar:?]
	at com.sun.javafx.tk.quantum.QuantumToolkit.runWithoutRenderLock(QuantumToolkit.java:390) ~[javafx-graphics-11.0.2-win.jar:?]
	at com.sun.javafx.tk.quantum.GlassViewEventHandler.handleMouseEvent(GlassViewEventHandler.java:433) ~[javafx-graphics-11.0.2-win.jar:?]
	at com.sun.glass.ui.View.handleMouseEvent(View.java:556) ~[javafx-graphics-11.0.2-win.jar:?]
	at com.sun.glass.ui.View.notifyMouse(View.java:942) ~[javafx-graphics-11.0.2-win.jar:?]
	at com.sun.glass.ui.win.WinApplication._runLoop(Native Method) ~[javafx-graphics-11.0.2-win.jar:?]
	at com.sun.glass.ui.win.WinApplication.lambda$runLoop$3(WinApplication.java:174) ~[javafx-graphics-11.0.2-win.jar:?]
	at java.lang.Thread.run(Thread.java:833) [?:?]
